# JRE version: OpenJDK Runtime Environment Temurin-21.0.7+6 (21.0.7+6) (build 21.0.7+6-LTS)
# Java VM: OpenJDK 64-Bit Server VM Temurin-21.0.7+6 (21.0.7+6-LTS, mixed mode, sharing, tiered, compressed oops, compressed class ptrs, parallel gc, windows-amd64)
GC Precious Log:
 CardTable entry size: 512
 CPUs: 4 total, 4 available
 Memory: 7932M
 Large Page Support: Disabled
 NUMA Support: Disabled
 Compressed Oops: Enabled (32-bit)
 Alignments: Space 512K, Generation 512K, Heap 2M
 Heap Min Capacity: 100M
 Heap Initial Capacity: 100M
 Heap Max Capacity: 1G
 Pre-touch: Disabled
 Parallel Workers: 4
Heap:
 PSYoungGen      total 24064K, used 3426K [0x00000000eab00000, 0x00000000ec580000, 0x0000000100000000)
  eden space 21504K, 4% used [0x00000000eab00000,0x00000000eabf00a8,0x00000000ec000000)
  from space 2560K, 96% used [0x00000000ec300000,0x00000000ec5687c8,0x00000000ec580000)
  to   space 2560K, 0% used [0x00000000ec080000,0x00000000ec080000,0x00000000ec300000)
 ParOldGen       total 68608K, used 27420K [0x00000000c0000000, 0x00000000c4300000, 0x00000000eab00000)
  object space 68608K, 39% used [0x00000000c0000000,0x00000000c1ac7158,0x00000000c4300000)
 Metaspace       used 47138K, committed 48384K, reserved 1114112K
  class space    used 4972K, committed 5568K, reserved 1048576K
GC Heap History (20 events):
Event: 63.936 GC heap before
{Heap before GC invocations=13 (full 1):
 PSYoungGen      total 23552K, used 23497K [0x00000000eab00000, 0x00000000ec680000, 0x0000000100000000)
  eden space 22528K, 100% used [0x00000000eab00000,0x00000000ec100000,0x00000000ec100000)
  from space 1024K, 94% used [0x00000000ec180000,0x00000000ec272740,0x00000000ec280000)
  to   space 2048K, 0% used [0x00000000ec480000,0x00000000ec480000,0x00000000ec680000)
 ParOldGen       total 68608K, used 16154K [0x00000000c0000000, 0x00000000c4300000, 0x00000000eab00000)
  object space 68608K, 23% used [0x00000000c0000000,0x00000000c0fc68a0,0x00000000c4300000)
 Metaspace       used 33163K, committed 34240K, reserved 1114112K
  class space    used 3303K, committed 3712K, reserved 1048576K
}
Event: 63.939 GC heap after
{Heap after GC invocations=13 (full 1):
 PSYoungGen      total 23552K, used 1467K [0x00000000eab00000, 0x00000000ec600000, 0x0000000100000000)
  eden space 22016K, 0% used [0x00000000eab00000,0x00000000eab00000,0x00000000ec080000)
  from space 1536K, 95% used [0x00000000ec480000,0x00000000ec5eed38,0x00000000ec600000)
  to   space 2048K, 0% used [0x00000000ec200000,0x00000000ec200000,0x00000000ec400000)
 ParOldGen       total 68608K, used 16762K [0x00000000c0000000, 0x00000000c4300000, 0x00000000eab00000)
  object space 68608K, 24% used [0x00000000c0000000,0x00000000c105e8f0,0x00000000c4300000)
 Metaspace       used 33163K, committed 34240K, reserved 1114112K
  class space    used 3303K, committed 3712K, reserved 1048576K
}
Event: 64.321 GC heap before
{Heap before GC invocations=14 (full 1):
 PSYoungGen      total 23552K, used 17489K [0x00000000eab00000, 0x00000000ec600000, 0x0000000100000000)
  eden space 22016K, 72% used [0x00000000eab00000,0x00000000ebaa5840,0x00000000ec080000)
  from space 1536K, 95% used [0x00000000ec480000,0x00000000ec5eed38,0x00000000ec600000)
  to   space 2048K, 0% used [0x00000000ec200000,0x00000000ec200000,0x00000000ec400000)
 ParOldGen       total 68608K, used 16762K [0x00000000c0000000, 0x00000000c4300000, 0x00000000eab00000)
  object space 68608K, 24% used [0x00000000c0000000,0x00000000c105e8f0,0x00000000c4300000)
 Metaspace       used 34740K, committed 35840K, reserved 1114112K
  class space    used 3509K, committed 4032K, reserved 1048576K
}
Event: 64.323 GC heap after
{Heap after GC invocations=14 (full 1):
 PSYoungGen      total 24064K, used 653K [0x00000000eab00000, 0x00000000ec500000, 0x0000000100000000)
  eden space 22016K, 0% used [0x00000000eab00000,0x00000000eab00000,0x00000000ec080000)
  from space 2048K, 31% used [0x00000000ec200000,0x00000000ec2a3500,0x00000000ec400000)
  to   space 1024K, 0% used [0x00000000ec400000,0x00000000ec400000,0x00000000ec500000)
 ParOldGen       total 68608K, used 17929K [0x00000000c0000000, 0x00000000c4300000, 0x00000000eab00000)
  object space 68608K, 26% used [0x00000000c0000000,0x00000000c1182548,0x00000000c4300000)
 Metaspace       used 34740K, committed 35840K, reserved 1114112K
  class space    used 3509K, committed 4032K, reserved 1048576K
}
Event: 64.323 GC heap before
{Heap before GC invocations=15 (full 2):
 PSYoungGen      total 24064K, used 653K [0x00000000eab00000, 0x00000000ec500000, 0x0000000100000000)
  eden space 22016K, 0% used [0x00000000eab00000,0x00000000eab00000,0x00000000ec080000)
  from space 2048K, 31% used [0x00000000ec200000,0x00000000ec2a3500,0x00000000ec400000)
  to   space 1024K, 0% used [0x00000000ec400000,0x00000000ec400000,0x00000000ec500000)
 ParOldGen       total 68608K, used 17929K [0x00000000c0000000, 0x00000000c4300000, 0x00000000eab00000)
  object space 68608K, 26% used [0x00000000c0000000,0x00000000c1182548,0x00000000c4300000)
 Metaspace       used 34740K, committed 35840K, reserved 1114112K
  class space    used 3509K, committed 4032K, reserved 1048576K
}
Event: 64.390 GC heap after
{Heap after GC invocations=15 (full 2):
 PSYoungGen      total 24064K, used 0K [0x00000000eab00000, 0x00000000ec500000, 0x0000000100000000)
  eden space 22016K, 0% used [0x00000000eab00000,0x00000000eab00000,0x00000000ec080000)
  from space 2048K, 0% used [0x00000000ec200000,0x00000000ec200000,0x00000000ec400000)
  to   space 1024K, 0% used [0x00000000ec400000,0x00000000ec400000,0x00000000ec500000)
 ParOldGen       total 68608K, used 17902K [0x00000000c0000000, 0x00000000c4300000, 0x00000000eab00000)
  object space 68608K, 26% used [0x00000000c0000000,0x00000000c117b8a0,0x00000000c4300000)
 Metaspace       used 34740K, committed 35840K, reserved 1114112K
  class space    used 3509K, committed 4032K, reserved 1048576K
}
Event: 64.643 GC heap before
{Heap before GC invocations=16 (full 2):
 PSYoungGen      total 24064K, used 22014K [0x00000000eab00000, 0x00000000ec500000, 0x0000000100000000)
  eden space 22016K, 99% used [0x00000000eab00000,0x00000000ec07f9c8,0x00000000ec080000)
  from space 2048K, 0% used [0x00000000ec200000,0x00000000ec200000,0x00000000ec400000)
  to   space 1024K, 0% used [0x00000000ec400000,0x00000000ec400000,0x00000000ec500000)
 ParOldGen       total 68608K, used 17902K [0x00000000c0000000, 0x00000000c4300000, 0x00000000eab00000)
  object space 68608K, 26% used [0x00000000c0000000,0x00000000c117b8a0,0x00000000c4300000)
 Metaspace       used 37406K, committed 38592K, reserved 1114112K
  class space    used 3822K, committed 4352K, reserved 1048576K
}
Event: 64.645 GC heap after
{Heap after GC invocations=16 (full 2):
 PSYoungGen      total 23040K, used 1019K [0x00000000eab00000, 0x00000000ec500000, 0x0000000100000000)
  eden space 22016K, 0% used [0x00000000eab00000,0x00000000eab00000,0x00000000ec080000)
  from space 1024K, 99% used [0x00000000ec400000,0x00000000ec4fef00,0x00000000ec500000)
  to   space 1536K, 0% used [0x00000000ec200000,0x00000000ec200000,0x00000000ec380000)
 ParOldGen       total 68608K, used 18225K [0x00000000c0000000, 0x00000000c4300000, 0x00000000eab00000)
  object space 68608K, 26% used [0x00000000c0000000,0x00000000c11cc790,0x00000000c4300000)
 Metaspace       used 37406K, committed 38592K, reserved 1114112K
  class space    used 3822K, committed 4352K, reserved 1048576K
}
Event: 65.710 GC heap before
{Heap before GC invocations=17 (full 2):
 PSYoungGen      total 23040K, used 23035K [0x00000000eab00000, 0x00000000ec500000, 0x0000000100000000)
  eden space 22016K, 100% used [0x00000000eab00000,0x00000000ec080000,0x00000000ec080000)
  from space 1024K, 99% used [0x00000000ec400000,0x00000000ec4fef00,0x00000000ec500000)
  to   space 1536K, 0% used [0x00000000ec200000,0x00000000ec200000,0x00000000ec380000)
 ParOldGen       total 68608K, used 18225K [0x00000000c0000000, 0x00000000c4300000, 0x00000000eab00000)
  object space 68608K, 26% used [0x00000000c0000000,0x00000000c11cc790,0x00000000c4300000)
 Metaspace       used 39843K, committed 40960K, reserved 1114112K
  class space    used 4129K, committed 4608K, reserved 1048576K
}
Event: 65.713 GC heap after
{Heap after GC invocations=17 (full 2):
 PSYoungGen      total 23552K, used 1536K [0x00000000eab00000, 0x00000000ec780000, 0x0000000100000000)
  eden space 22016K, 0% used [0x00000000eab00000,0x00000000eab00000,0x00000000ec080000)
  from space 1536K, 100% used [0x00000000ec200000,0x00000000ec380000,0x00000000ec380000)
  to   space 3584K, 0% used [0x00000000ec400000,0x00000000ec400000,0x00000000ec780000)
 ParOldGen       total 68608K, used 19617K [0x00000000c0000000, 0x00000000c4300000, 0x00000000eab00000)
  object space 68608K, 28% used [0x00000000c0000000,0x00000000c13287f8,0x00000000c4300000)
 Metaspace       used 39843K, committed 40960K, reserved 1114112K
  class space    used 4129K, committed 4608K, reserved 1048576K
}
Event: 66.604 GC heap before
{Heap before GC invocations=18 (full 2):
 PSYoungGen      total 23552K, used 23552K [0x00000000eab00000, 0x00000000ec780000, 0x0000000100000000)
  eden space 22016K, 100% used [0x00000000eab00000,0x00000000ec080000,0x00000000ec080000)
  from space 1536K, 100% used [0x00000000ec200000,0x00000000ec380000,0x00000000ec380000)
  to   space 3584K, 0% used [0x00000000ec400000,0x00000000ec400000,0x00000000ec780000)
 ParOldGen       total 68608K, used 19617K [0x00000000c0000000, 0x00000000c4300000, 0x00000000eab00000)
  object space 68608K, 28% used [0x00000000c0000000,0x00000000c13287f8,0x00000000c4300000)
 Metaspace       used 42392K, committed 43520K, reserved 1114112K
  class space    used 4442K, committed 4928K, reserved 1048576K
}
Event: 66.608 GC heap after
{Heap after GC invocations=18 (full 2):
 PSYoungGen      total 24064K, used 1696K [0x00000000eab00000, 0x00000000ec600000, 0x0000000100000000)
  eden space 22016K, 0% used [0x00000000eab00000,0x00000000eab00000,0x00000000ec080000)
  from space 2048K, 82% used [0x00000000ec400000,0x00000000ec5a8000,0x00000000ec600000)
  to   space 2560K, 0% used [0x00000000ec100000,0x00000000ec100000,0x00000000ec380000)
 ParOldGen       total 68608K, used 21102K [0x00000000c0000000, 0x00000000c4300000, 0x00000000eab00000)
  object space 68608K, 30% used [0x00000000c0000000,0x00000000c149b938,0x00000000c4300000)
 Metaspace       used 42392K, committed 43520K, reserved 1114112K
  class space    used 4442K, committed 4928K, reserved 1048576K
}
Event: 68.255 GC heap before
{Heap before GC invocations=19 (full 2):
 PSYoungGen      total 24064K, used 23712K [0x00000000eab00000, 0x00000000ec600000, 0x0000000100000000)
  eden space 22016K, 100% used [0x00000000eab00000,0x00000000ec080000,0x00000000ec080000)
  from space 2048K, 82% used [0x00000000ec400000,0x00000000ec5a8000,0x00000000ec600000)
  to   space 2560K, 0% used [0x00000000ec100000,0x00000000ec100000,0x00000000ec380000)
 ParOldGen       total 68608K, used 21102K [0x00000000c0000000, 0x00000000c4300000, 0x00000000eab00000)
  object space 68608K, 30% used [0x00000000c0000000,0x00000000c149b938,0x00000000c4300000)
 Metaspace       used 43918K, committed 45120K, reserved 1114112K
  class space    used 4646K, committed 5184K, reserved 1048576K
}
Event: 68.261 GC heap after
{Heap after GC invocations=19 (full 2):
 PSYoungGen      total 23040K, used 832K [0x00000000eab00000, 0x00000000ec480000, 0x0000000100000000)
  eden space 22016K, 0% used [0x00000000eab00000,0x00000000eab00000,0x00000000ec080000)
  from space 1024K, 81% used [0x00000000ec100000,0x00000000ec1d0000,0x00000000ec200000)
  to   space 1536K, 0% used [0x00000000ec300000,0x00000000ec300000,0x00000000ec480000)
 ParOldGen       total 68608K, used 22578K [0x00000000c0000000, 0x00000000c4300000, 0x00000000eab00000)
  object space 68608K, 32% used [0x00000000c0000000,0x00000000c160c958,0x00000000c4300000)
 Metaspace       used 43918K, committed 45120K, reserved 1114112K
  class space    used 4646K, committed 5184K, reserved 1048576K
}
Event: 71.405 GC heap before
{Heap before GC invocations=20 (full 2):
 PSYoungGen      total 23040K, used 22841K [0x00000000eab00000, 0x00000000ec480000, 0x0000000100000000)
  eden space 22016K, 99% used [0x00000000eab00000,0x00000000ec07e760,0x00000000ec080000)
  from space 1024K, 81% used [0x00000000ec100000,0x00000000ec1d0000,0x00000000ec200000)
  to   space 1536K, 0% used [0x00000000ec300000,0x00000000ec300000,0x00000000ec480000)
 ParOldGen       total 68608K, used 22578K [0x00000000c0000000, 0x00000000c4300000, 0x00000000eab00000)
  object space 68608K, 32% used [0x00000000c0000000,0x00000000c160c958,0x00000000c4300000)
 Metaspace       used 46106K, committed 47424K, reserved 1114112K
  class space    used 4860K, committed 5440K, reserved 1048576K
}
Event: 71.408 GC heap after
{Heap after GC invocations=20 (full 2):
 PSYoungGen      total 23040K, used 1504K [0x00000000eab00000, 0x00000000ec680000, 0x0000000100000000)
  eden space 21504K, 0% used [0x00000000eab00000,0x00000000eab00000,0x00000000ec000000)
  from space 1536K, 97% used [0x00000000ec300000,0x00000000ec478030,0x00000000ec480000)
  to   space 3072K, 0% used [0x00000000ec000000,0x00000000ec000000,0x00000000ec300000)
 ParOldGen       total 68608K, used 23470K [0x00000000c0000000, 0x00000000c4300000, 0x00000000eab00000)
  object space 68608K, 34% used [0x00000000c0000000,0x00000000c16eb968,0x00000000c4300000)
 Metaspace       used 46106K, committed 47424K, reserved 1114112K
  class space    used 4860K, committed 5440K, reserved 1048576K
}
Event: 72.811 GC heap before
{Heap before GC invocations=21 (full 2):
 PSYoungGen      total 23040K, used 23008K [0x00000000eab00000, 0x00000000ec680000, 0x0000000100000000)
  eden space 21504K, 100% used [0x00000000eab00000,0x00000000ec000000,0x00000000ec000000)
  from space 1536K, 97% used [0x00000000ec300000,0x00000000ec478030,0x00000000ec480000)
  to   space 3072K, 0% used [0x00000000ec000000,0x00000000ec000000,0x00000000ec300000)
 ParOldGen       total 68608K, used 23470K [0x00000000c0000000, 0x00000000c4300000, 0x00000000eab00000)
  object space 68608K, 34% used [0x00000000c0000000,0x00000000c16eb968,0x00000000c4300000)
 Metaspace       used 46741K, committed 48000K, reserved 1114112K
  class space    used 4920K, committed 5504K, reserved 1048576K
}
Event: 72.824 GC heap after
{Heap after GC invocations=21 (full 2):
 PSYoungGen      total 24576K, used 2573K [0x00000000eab00000, 0x00000000ec600000, 0x0000000100000000)
  eden space 21504K, 0% used [0x00000000eab00000,0x00000000eab00000,0x00000000ec000000)
  from space 3072K, 83% used [0x00000000ec000000,0x00000000ec283540,0x00000000ec300000)
  to   space 3072K, 0% used [0x00000000ec300000,0x00000000ec300000,0x00000000ec600000)
 ParOldGen       total 68608K, used 24945K [0x00000000c0000000, 0x00000000c4300000, 0x00000000eab00000)
  object space 68608K, 36% used [0x00000000c0000000,0x00000000c185c490,0x00000000c4300000)
 Metaspace       used 46741K, committed 48000K, reserved 1114112K
  class space    used 4920K, committed 5504K, reserved 1048576K
}
Event: 73.876 GC heap before
{Heap before GC invocations=22 (full 2):
 PSYoungGen      total 24576K, used 24077K [0x00000000eab00000, 0x00000000ec600000, 0x0000000100000000)
  eden space 21504K, 100% used [0x00000000eab00000,0x00000000ec000000,0x00000000ec000000)
  from space 3072K, 83% used [0x00000000ec000000,0x00000000ec283540,0x00000000ec300000)
  to   space 3072K, 0% used [0x00000000ec300000,0x00000000ec300000,0x00000000ec600000)
 ParOldGen       total 68608K, used 24945K [0x00000000c0000000, 0x00000000c4300000, 0x00000000eab00000)
  object space 68608K, 36% used [0x00000000c0000000,0x00000000c185c490,0x00000000c4300000)
 Metaspace       used 47137K, committed 48384K, reserved 1114112K
  class space    used 4972K, committed 5568K, reserved 1048576K
}
Event: 74.080 GC heap after
{Heap after GC invocations=22 (full 2):
 PSYoungGen      total 24064K, used 2465K [0x00000000eab00000, 0x00000000ec580000, 0x0000000100000000)
  eden space 21504K, 0% used [0x00000000eab00000,0x00000000eab00000,0x00000000ec000000)
  from space 2560K, 96% used [0x00000000ec300000,0x00000000ec5687c8,0x00000000ec580000)
  to   space 2560K, 0% used [0x00000000ec080000,0x00000000ec080000,0x00000000ec300000)
 ParOldGen       total 68608K, used 27420K [0x00000000c0000000, 0x00000000c4300000, 0x00000000eab00000)
  object space 68608K, 39% used [0x00000000c0000000,0x00000000c1ac7158,0x00000000c4300000)
 Metaspace       used 47137K, committed 48384K, reserved 1114112K
  class space    used 4972K, committed 5568K, reserved 1048576K
}

